<?xml version="1.0" encoding="UTF-8"?>
<!-- Generated by org.testng.reporters.JUnitReportReporter -->
<testsuite skipped="0" hostname="Lenovo-PC" name="serviceRequest.getData" tests="1" failures="0" timestamp="2020-06-24T01:55:03 IST" time="4.541" errors="0">
  <testcase name="getResposeData" time="4.541" classname="serviceRequest.getData"/>
  <system-out/>
</testsuite> <!-- serviceRequest.getData -->
